[debug] [2025-12-15T14:08:57.117Z] ----------------------------------------------------------------------
[debug] [2025-12-15T14:08:57.122Z] Command:       /home/rafa/.nvm/versions/node/v18.20.5/bin/node /home/rafa/.nvm/versions/node/v18.20.5/bin/firebase login
[debug] [2025-12-15T14:08:57.122Z] CLI Version:   13.35.1
[debug] [2025-12-15T14:08:57.122Z] Platform:      linux
[debug] [2025-12-15T14:08:57.122Z] Node Version:  v18.20.5
[debug] [2025-12-15T14:08:57.123Z] Time:          Mon Dec 15 2025 11:08:57 GMT-0300 (Horário Padrão de Brasília)
[debug] [2025-12-15T14:08:57.123Z] ----------------------------------------------------------------------
[debug] 
[debug] [2025-12-15T14:08:57.127Z] >>> [apiv2][query] GET https://firebase-public.firebaseio.com/cli.json [none]
[info] i  Firebase optionally collects CLI and Emulator Suite usage and error reporting information to help improve our products. Data is collected in accordance with Google's privacy policy (https://policies.google.com/privacy) and is not used to identify you.
 
[debug] [2025-12-15T14:08:57.583Z] <<< [apiv2][status] GET https://firebase-public.firebaseio.com/cli.json 200
[debug] [2025-12-15T14:08:57.584Z] <<< [apiv2][body] GET https://firebase-public.firebaseio.com/cli.json {"cloudBuildErrorAfter":1594252800000,"cloudBuildWarnAfter":1590019200000,"defaultNode10After":1594252800000,"minVersion":"3.0.5","node8DeploysDisabledAfter":1613390400000,"node8RuntimeDisabledAfter":1615809600000,"node8WarnAfter":1600128000000}
[info] i  To change your data collection preference at any time, run `firebase logout` and log in again. 
[info] 
[info] Visit this URL on this device to log in:
[info] https://accounts.google.com/o/oauth2/auth?client_id=563584335869-fgrhgmd47bqnekij5i8b5pr03ho849e6.apps.googleusercontent.com&scope=email%20openid%20https%3A%2F%2Fwww.googleapis.com%2Fauth%2Fcloudplatformprojects.readonly%20https%3A%2F%2Fwww.googleapis.com%2Fauth%2Ffirebase%20https%3A%2F%2Fwww.googleapis.com%2Fauth%2Fcloud-platform&response_type=code&state=310663732&redirect_uri=http%3A%2F%2Flocalhost%3A9005
[info] 
[info] Waiting for authentication...
[debug] [2025-12-15T14:09:30.996Z] >>> [apiv2][query] POST https://auth.firebase.tools/attest [none]
[debug] [2025-12-15T14:09:30.997Z] >>> [apiv2][body] POST https://auth.firebase.tools/attest {"session_id":"8ab5339a-e758-4d75-97ec-40f0e63d9c4c"}
[debug] [2025-12-15T14:09:31.905Z] <<< [apiv2][status] POST https://auth.firebase.tools/attest 200
[debug] [2025-12-15T14:09:31.905Z] <<< [apiv2][body] POST https://auth.firebase.tools/attest {"token":"TkSyzg1hNAIZi6HNTzGv_vcUHUtOy0rDmHqeue_qmvQ"}
[info] 
[info] To sign in to the Firebase CLI:
[info] 
[info] 1. Take note of your session ID:
[info] 
[info]    8AB53
[info] 
[info] 2. Visit the URL below on any device and follow the instructions to get your code:
[info] 
[info]    https://auth.firebase.tools/login?code_challenge=KEoPtZxaBAEfC7GiJTzWm3VlpMypMxaibsKu32BaDiQ&session=8ab5339a-e758-4d75-97ec-40f0e63d9c4c&attest=TkSyzg1hNAIZi6HNTzGv_vcUHUtOy0rDmHqeue_qmvQ
[info] 
[info] 3. Paste or enter the authorization code below once you have it:
[info] 
